IQ-TREE multicore version 2.3.2 COVID-edition for Windows 64-bit built Apr  9 2024
Developed by Bui Quang Minh, James Barbetti, Nguyen Lam Tung,
Olga Chernomor, Heiko Schmidt, Dominik Schrempf, Michael Woodhams, Ly Trong Nhan, Thomas Wong

Host:    LAPTOP-0F109KKS (AVX512, FMA3, 7 GB RAM)
Command: C:\Users\diegu\Desktop\Programes\IQTREE\iqtree-2.3.2-Windows\bin\iqtree2.exe -s output_files\IQTTREE_Analysis\0.1 Length10000\4_leaves_10000length_sequences_num1.fasta -m 012345 -z tree_4L_nolengths.txt --redo
Seed:    939950 (Using SPRNG - Scalable Parallel Random Number Generator)
Time:    Sun May 19 11:39:01 2024
Kernel:  AVX+FMA - 1 threads (4 CPU cores detected)

HINT: Use -nt option to specify number of threads because your CPU has 4 cores!
HINT: -nt AUTO will automatically determine the best number of threads to use.

Reading alignment file output_files\IQTTREE_Analysis\0.1 Length10000\4_leaves_10000length_sequences_num1.fasta ... Fasta format detected
Reading fasta file: done in 0.000509 secs
Alignment most likely contains DNA/RNA sequences
Alignment has 4 sequences with 10000 columns, 205 distinct patterns
749 parsimony-informative, 3245 singleton sites, 6006 constant sites
           Gap/Ambiguity  Composition  p-value
Analyzing sequences: done in 8.49995e-006 secs
   1  SeqLeaf_1    0.00%    passed     67.22%
   2  SeqLeaf_2    0.00%    failed      0.00%
   3  SeqLeaf_3    0.00%    failed      0.00%
   4  SeqLeaf_4    0.00%    passed     16.34%
****  TOTAL        0.00%  2 sequences failed composition chi2 test (p-value<5%; df=3)

Create initial parsimony tree by phylogenetic likelihood library (PLL)... 0.000 seconds

NOTE: 0 MB RAM (0 GB) is required!
Estimate model parameters (epsilon = 0.100)
1. Initial log-likelihood: -33617.234
2. Current log-likelihood: -33519.222
3. Current log-likelihood: -33518.920
Optimal log-likelihood: -33518.920
Rate parameters:  A-C: 1.11549  A-G: 0.84978  A-T: 0.84455  C-G: 0.68715  C-T: 0.57606  G-T: 1.00000
Base frequencies:  A: 0.237  C: 0.277  G: 0.249  T: 0.237
Parameters optimization took 3 rounds (0.002 sec)
Wrote distance file to... 
Computing ML distances based on estimated model parameters...
Calculating distance matrix: done in 6.94999e-005 secs
Computing ML distances took 0.000315 sec (of wall-clock time) 0.000000 sec (of CPU time)
Setting up auxiliary I and S matrices: done in 3.79998e-005 secs
Computing RapidNJ tree took 0.000213 sec (of wall-clock time) 0.000000 sec (of CPU time)
Log-likelihood of RapidNJ tree: -33518.920
--------------------------------------------------------------------
|             INITIALIZING CANDIDATE TREE SET                      |
--------------------------------------------------------------------
Generating 99 parsimony trees... 0.044 second
Computing log-likelihood of 2 initial trees ... 0.000 seconds
Current best score: -33518.920

Do NNI search on 3 best initial trees
Finish initializing candidate tree set (3)
Current best tree score: -33518.920 / CPU time: 0.046
Number of iterations: 3
--------------------------------------------------------------------
|               OPTIMIZING CANDIDATE TREE SET                      |
--------------------------------------------------------------------
Iteration 10 / LogL: -33519.142 / Time: 0h:0m:0s
Iteration 20 / LogL: -33519.164 / Time: 0h:0m:0s
Iteration 30 / LogL: -33519.116 / Time: 0h:0m:0s (0h:0m:0s left)
Iteration 40 / LogL: -33519.094 / Time: 0h:0m:0s (0h:0m:0s left)
Iteration 50 / LogL: -33518.920 / Time: 0h:0m:0s (0h:0m:0s left)
Iteration 60 / LogL: -33519.094 / Time: 0h:0m:0s (0h:0m:0s left)
Iteration 70 / LogL: -33519.164 / Time: 0h:0m:0s (0h:0m:0s left)
Iteration 80 / LogL: -33519.077 / Time: 0h:0m:0s (0h:0m:0s left)
Iteration 90 / LogL: -33519.077 / Time: 0h:0m:0s (0h:0m:0s left)
Iteration 100 / LogL: -33519.164 / Time: 0h:0m:0s (0h:0m:0s left)
TREE SEARCH COMPLETED AFTER 101 ITERATIONS / Time: 0h:0m:0s

--------------------------------------------------------------------
|                    FINALIZING TREE SEARCH                        |
--------------------------------------------------------------------
Performs final model parameters optimization
Estimate model parameters (epsilon = 0.010)
1. Initial log-likelihood: -33518.920
Optimal log-likelihood: -33518.920
Rate parameters:  A-C: 1.11572  A-G: 0.84995  A-T: 0.84460  C-G: 0.68728  C-T: 0.57594  G-T: 1.00000
Base frequencies:  A: 0.237  C: 0.277  G: 0.249  T: 0.237
Parameters optimization took 1 rounds (0.000 sec)
BEST SCORE FOUND : -33518.920
Total tree length: 0.516

Total number of iterations: 101
CPU time used for tree search: 0.078 sec (0h:0m:0s)
Wall-clock time used for tree search: 0.087 sec (0h:0m:0s)
Total CPU time used: 0.078 sec (0h:0m:0s)
Total wall-clock time used: 0.105 sec (0h:0m:0s)
Reading trees in tree_4L_nolengths.txt ...

1 trees detected
Tree 1 / LogL: -33518.920
Time for evaluating all trees: 0.000 sec.

Analysis results written to: 
  IQ-TREE report:                output_files\IQTTREE_Analysis\0.1 Length10000\4_leaves_10000length_sequences_num1.fasta.iqtree
  Maximum-likelihood tree:       output_files\IQTTREE_Analysis\0.1 Length10000\4_leaves_10000length_sequences_num1.fasta.treefile
  Likelihood distances:          output_files\IQTTREE_Analysis\0.1 Length10000\4_leaves_10000length_sequences_num1.fasta.mldist
  Evaluated user trees:          output_files\IQTTREE_Analysis\0.1 Length10000\4_leaves_10000length_sequences_num1.fasta.trees
  Screen log file:               output_files\IQTTREE_Analysis\0.1 Length10000\4_leaves_10000length_sequences_num1.fasta.log

Date and Time: Sun May 19 11:39:02 2024
