IQ-TREE multicore version 2.3.2 COVID-edition for Windows 64-bit built Apr  9 2024
Developed by Bui Quang Minh, James Barbetti, Nguyen Lam Tung,
Olga Chernomor, Heiko Schmidt, Dominik Schrempf, Michael Woodhams, Ly Trong Nhan, Thomas Wong

Host:    LAPTOP-0F109KKS (AVX512, FMA3, 7 GB RAM)
Command: C:\Users\diegu\Desktop\Programes\IQTREE\iqtree-2.3.2-Windows\bin\iqtree2.exe -s output_files\IQTTREE_Analysis\0.5 Length10000\4_leaves_10000length_sequences_num1.fasta -m 012345 -z tree_4L_nolengths.txt --redo
Seed:    113762 (Using SPRNG - Scalable Parallel Random Number Generator)
Time:    Sun May 19 11:49:10 2024
Kernel:  AVX+FMA - 1 threads (4 CPU cores detected)

HINT: Use -nt option to specify number of threads because your CPU has 4 cores!
HINT: -nt AUTO will automatically determine the best number of threads to use.

Reading alignment file output_files\IQTTREE_Analysis\0.5 Length10000\4_leaves_10000length_sequences_num1.fasta ... Fasta format detected
Reading fasta file: done in 0.0005142 secs
Alignment most likely contains DNA/RNA sequences
Alignment has 4 sequences with 10000 columns, 256 distinct patterns
1507 parsimony-informative, 7430 singleton sites, 1063 constant sites
           Gap/Ambiguity  Composition  p-value
Analyzing sequences: done in 8.99984e-006 secs
   1  SeqLeaf_1    0.00%    failed      0.00%
   2  SeqLeaf_2    0.00%    failed      0.00%
   3  SeqLeaf_3    0.00%    failed      0.00%
   4  SeqLeaf_4    0.00%    failed      0.00%
****  TOTAL        0.00%  4 sequences failed composition chi2 test (p-value<5%; df=3)

Create initial parsimony tree by phylogenetic likelihood library (PLL)... 0.000 seconds

NOTE: 0 MB RAM (0 GB) is required!
Estimate model parameters (epsilon = 0.100)
1. Initial log-likelihood: -52729.852
2. Current log-likelihood: -52363.791
3. Current log-likelihood: -52351.380
4. Current log-likelihood: -52350.931
Optimal log-likelihood: -52350.913
Rate parameters:  A-C: 1.21467  A-G: 2.66627  A-T: 2.63278  C-G: 2.66334  C-T: 1.60824  G-T: 1.00000
Base frequencies:  A: 0.199  C: 0.275  G: 0.295  T: 0.231
Parameters optimization took 4 rounds (0.002 sec)
Wrote distance file to... 
Computing ML distances based on estimated model parameters...
Calculating distance matrix: done in 6.72e-005 secs
Computing ML distances took 0.000313 sec (of wall-clock time) 0.000000 sec (of CPU time)
Setting up auxiliary I and S matrices: done in 3.92001e-005 secs
Computing RapidNJ tree took 0.000190 sec (of wall-clock time) 0.000000 sec (of CPU time)
Log-likelihood of RapidNJ tree: -52350.913
--------------------------------------------------------------------
|             INITIALIZING CANDIDATE TREE SET                      |
--------------------------------------------------------------------
Generating 99 parsimony trees... 0.085 second
Computing log-likelihood of 2 initial trees ... 0.000 seconds
Current best score: -52350.913

Do NNI search on 3 best initial trees
Finish initializing candidate tree set (3)
Current best tree score: -52350.913 / CPU time: 0.087
Number of iterations: 3
--------------------------------------------------------------------
|               OPTIMIZING CANDIDATE TREE SET                      |
--------------------------------------------------------------------
UPDATE BEST LOG-LIKELIHOOD: -52350.913
Iteration 10 / LogL: -52361.379 / Time: 0h:0m:0s
UPDATE BEST LOG-LIKELIHOOD: -52350.913
Iteration 20 / LogL: -52350.913 / Time: 0h:0m:0s
UPDATE BEST LOG-LIKELIHOOD: -52350.913
Iteration 30 / LogL: -52350.913 / Time: 0h:0m:0s (0h:0m:0s left)
Iteration 40 / LogL: -52350.913 / Time: 0h:0m:0s (0h:0m:0s left)
Iteration 50 / LogL: -52361.379 / Time: 0h:0m:0s (0h:0m:0s left)
Iteration 60 / LogL: -52350.913 / Time: 0h:0m:0s (0h:0m:0s left)
Iteration 70 / LogL: -52358.774 / Time: 0h:0m:0s (0h:0m:0s left)
Iteration 80 / LogL: -52360.082 / Time: 0h:0m:0s (0h:0m:0s left)
Iteration 90 / LogL: -52355.173 / Time: 0h:0m:0s (0h:0m:0s left)
Iteration 100 / LogL: -52360.082 / Time: 0h:0m:0s (0h:0m:0s left)
TREE SEARCH COMPLETED AFTER 101 ITERATIONS / Time: 0h:0m:0s

--------------------------------------------------------------------
|                    FINALIZING TREE SEARCH                        |
--------------------------------------------------------------------
Performs final model parameters optimization
Estimate model parameters (epsilon = 0.010)
1. Initial log-likelihood: -52350.913
Optimal log-likelihood: -52350.911
Rate parameters:  A-C: 1.22064  A-G: 2.66856  A-T: 2.63344  C-G: 2.66486  C-T: 1.61358  G-T: 1.00000
Base frequencies:  A: 0.199  C: 0.275  G: 0.295  T: 0.231
Parameters optimization took 1 rounds (0.001 sec)
BEST SCORE FOUND : -52350.911
Total tree length: 2.629

Total number of iterations: 101
CPU time used for tree search: 0.172 sec (0h:0m:0s)
Wall-clock time used for tree search: 0.136 sec (0h:0m:0s)
Total CPU time used: 0.172 sec (0h:0m:0s)
Total wall-clock time used: 0.157 sec (0h:0m:0s)
Reading trees in tree_4L_nolengths.txt ...

1 trees detected
Tree 1 / LogL: -52350.911
Time for evaluating all trees: 0.001 sec.

Analysis results written to: 
  IQ-TREE report:                output_files\IQTTREE_Analysis\0.5 Length10000\4_leaves_10000length_sequences_num1.fasta.iqtree
  Maximum-likelihood tree:       output_files\IQTTREE_Analysis\0.5 Length10000\4_leaves_10000length_sequences_num1.fasta.treefile
  Likelihood distances:          output_files\IQTTREE_Analysis\0.5 Length10000\4_leaves_10000length_sequences_num1.fasta.mldist
  Evaluated user trees:          output_files\IQTTREE_Analysis\0.5 Length10000\4_leaves_10000length_sequences_num1.fasta.trees
  Screen log file:               output_files\IQTTREE_Analysis\0.5 Length10000\4_leaves_10000length_sequences_num1.fasta.log

Date and Time: Sun May 19 11:49:10 2024
